<?xml version="1.0" encoding="UTF-8"?>
<!-- Generated by org.testng.reporters.JUnitReportReporter -->
<testsuite hostname="DESKTOP-T55QR2A" failures="0" tests="5" name="TestRunners.TYrun" time="0.198" errors="0" timestamp="2022-11-12T15:16:52 AEDT" skipped="0">
  <testcase classname="TestRunners.TYrun" name="runScenario" time="0.145"/>
  <system-out/>
  <testcase classname="TestRunners.TYrun" name="runScenario" time="0.013"/>
  <system-out/>
  <testcase classname="TestRunners.TYrun" name="runScenario" time="0.008"/>
  <system-out/>
  <testcase classname="TestRunners.TYrun" name="runScenario" time="0.014"/>
  <system-out/>
  <testcase classname="TestRunners.TYrun" name="runScenario" time="0.018"/>
  <system-out/>
</testsuite> <!-- TestRunners.TYrun -->
