<?xml version="1.0" encoding="UTF-8"?>
<!-- Generated by org.testng.reporters.JUnitReportReporter -->
<testsuite hostname="DESKTOP-T55QR2A" failures="0" tests="4" name="TestRunners.TYrun" time="0.188" errors="0" timestamp="2022-11-12T14:10:07 AEDT" skipped="0">
  <testcase classname="TestRunners.TYrun" name="runScenario" time="0.151"/>
  <system-out/>
  <testcase classname="TestRunners.TYrun" name="runScenario" time="0.011"/>
  <system-out/>
  <testcase classname="TestRunners.TYrun" name="runScenario" time="0.012"/>
  <system-out/>
  <testcase classname="TestRunners.TYrun" name="runScenario" time="0.014"/>
  <system-out/>
</testsuite> <!-- TestRunners.TYrun -->
