<?xml version="1.0" encoding="UTF-8"?>
<!-- Generated by org.testng.reporters.JUnitReportReporter -->
<testsuite hostname="DESKTOP-T55QR2A" failures="0" tests="2" name="TestRunners.TYrun" time="0.157" errors="0" timestamp="2022-11-12T12:27:22 AEDT" skipped="0">
  <testcase classname="TestRunners.TYrun" name="runScenario" time="0.136"/>
  <system-out/>
  <testcase classname="TestRunners.TYrun" name="runScenario" time="0.021"/>
  <system-out/>
</testsuite> <!-- TestRunners.TYrun -->
